Tue, 16 Mar 2021 10:04:11 views.py[line:20] INFO initiate configRetrive
Tue, 16 Mar 2021 10:04:11 views.py[line:20] INFO initiate configRetrive
Tue, 16 Mar 2021 10:39:40 views.py[line:20] INFO initiate configRetrive
Tue, 16 Mar 2021 10:39:40 views.py[line:20] INFO initiate configRetrive
Thu, 18 Mar 2021 11:04:42 views.py[line:20] INFO initiate configRetrive
Thu, 18 Mar 2021 11:04:42 views.py[line:20] INFO initiate configRetrive
Thu, 18 Mar 2021 11:04:44 configRetrive.py[line:23] INFO subscribe config OK!
Thu, 18 Mar 2021 11:04:44 configRetrive.py[line:23] INFO subscribe config OK!
Thu, 18 Mar 2021 11:07:00 views.py[line:20] INFO initiate configRetrive
Thu, 18 Mar 2021 11:07:00 views.py[line:20] INFO initiate configRetrive
Thu, 18 Mar 2021 11:07:00 configRetrive.py[line:23] INFO subscribe config OK!
Thu, 18 Mar 2021 11:07:00 configRetrive.py[line:23] INFO subscribe config OK!
Thu, 18 Mar 2021 11:08:44 views.py[line:20] INFO initiate configRetrive
Thu, 18 Mar 2021 11:08:44 views.py[line:20] INFO initiate configRetrive
Thu, 18 Mar 2021 11:08:44 configRetrive.py[line:23] INFO subscribe config OK!
Thu, 18 Mar 2021 11:08:44 configRetrive.py[line:23] INFO subscribe config OK!
Thu, 18 Mar 2021 11:12:55 views.py[line:20] INFO initiate configRetrive
Thu, 18 Mar 2021 11:12:55 views.py[line:20] INFO initiate configRetrive
Thu, 18 Mar 2021 11:12:55 configRetrive.py[line:23] INFO subscribe config OK!
Thu, 18 Mar 2021 11:12:55 configRetrive.py[line:23] INFO subscribe config OK!
Thu, 18 Mar 2021 11:21:30 autoreload.py[line:240] INFO E:\工行项目资料\websocket\DangerAndLeftover\myAPP\config.py changed, reloading.
Thu, 18 Mar 2021 11:31:58 views.py[line:20] INFO initiate configRetrive
Thu, 18 Mar 2021 11:31:58 views.py[line:20] INFO initiate configRetrive
Thu, 18 Mar 2021 11:31:58 configRetrive.py[line:23] INFO subscribe config OK!
Thu, 18 Mar 2021 11:31:58 configRetrive.py[line:23] INFO subscribe config OK!
Fri, 19 Mar 2021 13:50:40 views.py[line:20] INFO initiate configRetrive
Fri, 19 Mar 2021 13:50:40 views.py[line:20] INFO initiate configRetrive
Fri, 19 Mar 2021 13:53:30 autoreload.py[line:240] INFO E:\工行项目资料\websocket\DangerAndLeftover\myAPP\config.py changed, reloading.
Fri, 19 Mar 2021 13:53:30 views.py[line:20] INFO initiate configRetrive
Fri, 19 Mar 2021 13:53:30 views.py[line:20] INFO initiate configRetrive
Fri, 19 Mar 2021 13:54:24 views.py[line:20] INFO initiate configRetrive
Fri, 19 Mar 2021 13:54:24 views.py[line:20] INFO initiate configRetrive
Fri, 19 Mar 2021 13:55:51 autoreload.py[line:240] INFO E:\工行项目资料\websocket\DangerAndLeftover\myAPP\config.py changed, reloading.
Fri, 19 Mar 2021 13:55:51 views.py[line:20] INFO initiate configRetrive
Fri, 19 Mar 2021 13:55:51 views.py[line:20] INFO initiate configRetrive
Fri, 19 Mar 2021 13:56:58 views.py[line:20] INFO initiate configRetrive
Fri, 19 Mar 2021 13:56:58 views.py[line:20] INFO initiate configRetrive
Fri, 19 Mar 2021 14:03:14 views.py[line:20] INFO initiate configRetrive
Fri, 19 Mar 2021 14:03:14 views.py[line:20] INFO initiate configRetrive
Fri, 19 Mar 2021 16:47:26 views.py[line:20] INFO initiate configRetrive
Fri, 19 Mar 2021 16:47:26 views.py[line:20] INFO initiate configRetrive
Fri, 19 Mar 2021 17:03:48 views.py[line:20] INFO initiate configRetrive
Fri, 19 Mar 2021 17:03:48 views.py[line:20] INFO initiate configRetrive
Fri, 19 Mar 2021 17:26:43 views.py[line:20] INFO initiate configRetrive
Fri, 19 Mar 2021 17:26:43 views.py[line:20] INFO initiate configRetrive
